<?xml version="1.0" encoding="UTF-8"?>
<!-- Generated by org.testng.reporters.JUnitReportReporter -->
<testsuite hostname="DESKTOP-HDIHCU3" failures="0" tests="1" name="qa.auto.testScript.Test11" time="11.371" errors="0" timestamp="2020-07-22T18:00:31 IST" skipped="0">
  <testcase classname="qa.auto.testScript.Test11" name="loginTest" time="11.371"/>
  <system-out/>
</testsuite> <!-- qa.auto.testScript.Test11 -->
